total 9157
-rw-r-----. 1 hchaudha hpc_sxs   2542 Aug  1  2024 bianchi_violation.py
-rw-r-----. 1 hchaudha hpc_sxs    156 Apr 19 10:12 casbc.stderr
-rw-r-----. 1 hchaudha hpc_sxs      0 Apr 19 10:12 casbc.stdout
-rw-r--r--. 1 hchaudha hpc_sxs 791898 Apr 18 23:15 cce_new.ipynb
-rw-r-----. 1 hchaudha hpc_sxs   1517 Mar 12  2023 CharacteristicExtract.yaml
-rw-r-----. 1 hchaudha hpc_sxs   3556 Jul 30  2024 combine_cce.py
-rw-r-----. 1 hchaudha hpc_sxs  60417 Apr 18 22:53 compute_and_save_bondi_violations.out
-rw-r-----. 1 hchaudha hpc_sxs  20288 Apr 19 10:11 compute_and_save_bondi_violations.py
-rw-r--r--. 1 hchaudha hpc_sxs    375 Aug 13  2024 del.json
-rw-r--r--. 1 hchaudha hpc_sxs  11759 Aug 20  2024 finite_radius_waveforms.ipynb
-rw-r--r--. 1 hchaudha hpc_sxs  28081 Dec 16 02:22 join_gw_h5_files.ipynb
drwxr-s---. 3 hchaudha hpc_sxs   4096 Jun 30  2023 keefe_script
-rw-r-----. 1 hchaudha hpc_sxs  68801 Apr 11 11:09 run_cce.ipynb
-rw-r-----. 1 hchaudha hpc_sxs  14212 Aug  8  2024 run_cce.py
-rw-r-----. 1 hchaudha hpc_sxs    186 Mar 12  2023 run.sh
-rw-r-----. 1 hchaudha hpc_sxs   3025 Aug  1  2024 submit_bianchi_violation_jobs.py
-rw-r-----. 1 hchaudha hpc_sxs    662 Apr 13 16:45 submit_compute_bondi_consts.sh
/groups/sxs/hchaudha/softwares/anaconda3/envs/sxs/bin/python
total 9157
-rw-r-----. 1 hchaudha hpc_sxs   2542 Aug  1  2024 bianchi_violation.py
-rw-r-----. 1 hchaudha hpc_sxs    271 Apr 19 10:12 casbc.stderr
-rw-r-----. 1 hchaudha hpc_sxs   1288 Apr 19 10:12 casbc.stdout
-rw-r--r--. 1 hchaudha hpc_sxs 791898 Apr 18 23:15 cce_new.ipynb
-rw-r-----. 1 hchaudha hpc_sxs   1517 Mar 12  2023 CharacteristicExtract.yaml
-rw-r-----. 1 hchaudha hpc_sxs   3556 Jul 30  2024 combine_cce.py
-rw-r-----. 1 hchaudha hpc_sxs  60417 Apr 18 22:53 compute_and_save_bondi_violations.out
-rw-r-----. 1 hchaudha hpc_sxs  20288 Apr 19 10:11 compute_and_save_bondi_violations.py
-rw-r--r--. 1 hchaudha hpc_sxs    375 Aug 13  2024 del.json
-rw-r--r--. 1 hchaudha hpc_sxs  11759 Aug 20  2024 finite_radius_waveforms.ipynb
-rw-r--r--. 1 hchaudha hpc_sxs  28081 Dec 16 02:22 join_gw_h5_files.ipynb
drwxr-s---. 3 hchaudha hpc_sxs   4096 Jun 30  2023 keefe_script
-rw-r-----. 1 hchaudha hpc_sxs  68801 Apr 11 11:09 run_cce.ipynb
-rw-r-----. 1 hchaudha hpc_sxs  14212 Aug  8  2024 run_cce.py
-rw-r-----. 1 hchaudha hpc_sxs    186 Mar 12  2023 run.sh
-rw-r-----. 1 hchaudha hpc_sxs   3025 Aug  1  2024 submit_bianchi_violation_jobs.py
-rw-r-----. 1 hchaudha hpc_sxs    662 Apr 13 16:45 submit_compute_bondi_consts.sh
